2026-07-08 15:17:12,242 | INFO | ========== Pipeline Started ==========
2026-07-08 15:17:12,247 | INFO | Clickstream copied successfully
2026-07-08 15:17:12,249 | INFO | Purchase history copied successfully
2026-07-08 15:17:13,507 | INFO | Product catalog downloaded
2026-07-08 15:17:13,507 | INFO | ========== Pipeline Finished ==========
2026-07-08 18:06:42,678 | INFO | ========== Pipeline Started ==========
2026-07-08 18:06:42,681 | INFO | Clickstream copied successfully
2026-07-08 18:06:42,684 | INFO | Purchase history copied successfully
2026-07-08 18:06:43,407 | INFO | Product catalog downloaded
2026-07-08 18:06:43,407 | INFO | ========== Pipeline Finished ==========
2026-07-14 12:01:27,135 | INFO | ========== Pipeline Started ==========
2026-07-14 12:01:27,142 | INFO | Clickstream copied successfully
2026-07-14 12:01:27,145 | INFO | Purchase history copied successfully
2026-07-14 12:01:28,948 | INFO | Product catalog downloaded
2026-07-14 12:01:28,948 | INFO | ========== Pipeline Finished ==========
2026-07-14 13:05:04,675 | INFO | ========== Pipeline Started ==========
2026-07-14 13:05:04,679 | INFO | Clickstream copied successfully
2026-07-14 13:05:04,681 | INFO | Purchase history copied successfully
2026-07-14 13:05:06,044 | INFO | Product catalog downloaded
2026-07-14 13:05:06,044 | INFO | ========== Pipeline Finished ==========
2026-07-14 19:08:16,012 | INFO | ========== Pipeline Started ==========
2026-07-14 19:08:16,030 | INFO | Clickstream copied successfully
2026-07-14 19:08:16,056 | INFO | Purchase history copied successfully
2026-07-14 19:08:17,025 | INFO | Product catalog downloaded
2026-07-14 19:08:17,025 | INFO | ========== Pipeline Finished ==========
2026-07-14 20:32:20,886 | INFO | ========== Pipeline Started ==========
2026-07-14 20:32:20,888 | INFO | Clickstream copied successfully
2026-07-14 20:32:20,890 | INFO | Purchase history copied successfully
2026-07-14 20:32:21,824 | INFO | Product catalog downloaded
2026-07-14 20:32:21,824 | INFO | ========== Pipeline Finished ==========
2026-07-14 20:36:13,169 | INFO | ========== Pipeline Started ==========
2026-07-14 20:36:13,170 | INFO | Clickstream copied successfully
2026-07-14 20:36:13,171 | INFO | Purchase history copied successfully
2026-07-14 20:36:14,081 | INFO | Product catalog downloaded
2026-07-14 20:36:14,082 | INFO | ========== Pipeline Finished ==========
2026-07-14 20:45:47,896 | INFO | ========== Pipeline Started ==========
2026-07-14 20:45:47,900 | INFO | Clickstream copied successfully
2026-07-14 20:45:47,901 | INFO | Purchase history copied successfully
2026-07-14 20:45:48,876 | INFO | Product catalog downloaded
2026-07-14 20:45:48,876 | INFO | ========== Pipeline Finished ==========
2026-07-14 21:31:27,304 | INFO | ========== Pipeline Started ==========
2026-07-14 21:31:27,305 | INFO | Clickstream copied successfully
2026-07-14 21:31:27,306 | INFO | Purchase history copied successfully
2026-07-14 21:31:28,220 | INFO | Product catalog downloaded
2026-07-14 21:31:28,220 | INFO | ========== Pipeline Finished ==========
2026-07-17 18:07:04,806 | INFO | ========== Pipeline Started ==========
2026-07-17 18:07:04,810 | INFO | Clickstream copied successfully
2026-07-17 18:07:04,813 | INFO | Purchase history copied successfully
2026-07-17 18:07:06,130 | INFO | Product catalog downloaded
2026-07-17 18:07:06,130 | INFO | ========== Pipeline Finished ==========
2026-07-17 18:16:35,231 | INFO | ========== Pipeline Started ==========
2026-07-17 18:16:35,235 | INFO | Clickstream copied successfully
2026-07-17 18:16:35,238 | INFO | Purchase history copied successfully
2026-07-17 18:16:36,574 | INFO | Product catalog downloaded
2026-07-17 18:16:36,574 | INFO | ========== Pipeline Finished ==========
2026-07-17 20:17:00,881 | INFO | ========== Pipeline Started ==========
2026-07-17 20:17:00,884 | INFO | Clickstream copied successfully
2026-07-17 20:17:00,887 | INFO | Purchase history copied successfully
2026-07-17 20:17:03,353 | INFO | Product catalog downloaded
2026-07-17 20:17:03,353 | INFO | ========== Pipeline Finished ==========
2026-07-17 20:18:03,863 | INFO | ========== Pipeline Started ==========
2026-07-17 20:18:03,866 | INFO | Clickstream copied successfully
2026-07-17 20:18:03,869 | INFO | Purchase history copied successfully
2026-07-17 20:18:05,919 | INFO | Product catalog downloaded
2026-07-17 20:18:05,919 | INFO | ========== Pipeline Finished ==========
2026-07-17 20:23:13,489 | INFO | ========== Pipeline Started ==========
2026-07-17 20:23:13,492 | INFO | Clickstream copied successfully
2026-07-17 20:23:13,495 | INFO | Purchase history copied successfully
2026-07-17 20:23:14,970 | INFO | Product catalog downloaded
2026-07-17 20:23:14,970 | INFO | ========== Pipeline Finished ==========
2026-07-17 20:24:44,325 | INFO | ========== Pipeline Started ==========
2026-07-17 20:24:44,328 | INFO | Clickstream copied successfully
2026-07-17 20:24:44,332 | INFO | Purchase history copied successfully
2026-07-17 20:24:45,914 | INFO | Product catalog downloaded
2026-07-17 20:24:45,914 | INFO | ========== Pipeline Finished ==========
2026-07-18 10:44:25,514 | INFO | ========== Pipeline Started ==========
2026-07-18 10:44:25,534 | INFO | Clickstream copied successfully
2026-07-18 10:44:25,552 | INFO | Purchase history copied successfully
2026-07-18 10:44:27,103 | INFO | Product catalog downloaded
2026-07-18 10:44:27,104 | INFO | ========== Pipeline Finished ==========
2026-07-18 10:51:38,316 | INFO | ========== Pipeline Started ==========
2026-07-18 10:51:38,343 | INFO | Clickstream copied successfully
2026-07-18 10:51:38,374 | INFO | Purchase history copied successfully
2026-07-18 10:51:40,038 | INFO | Product catalog downloaded
2026-07-18 10:51:40,038 | INFO | ========== Pipeline Finished ==========
2026-07-19 18:50:25,858 | INFO | ========== Pipeline Started ==========
2026-07-19 18:50:25,875 | INFO | Clickstream copied successfully
2026-07-19 18:50:25,888 | INFO | Purchase history copied successfully
2026-07-19 18:50:27,267 | INFO | Product catalog downloaded
2026-07-19 18:50:27,267 | INFO | ========== Pipeline Finished ==========
2026-07-19 20:02:57,194 | INFO | ========== Pipeline Started ==========
2026-07-19 20:02:57,216 | INFO | Clickstream copied successfully
2026-07-19 20:02:57,228 | INFO | Purchase history copied successfully
2026-07-19 20:02:58,170 | INFO | Product catalog downloaded
2026-07-19 20:02:58,170 | INFO | ========== Pipeline Finished ==========
2026-07-19 20:21:38,460 | INFO | ========== Pipeline Started ==========
2026-07-19 20:21:38,483 | INFO | Clickstream copied successfully
2026-07-19 20:21:38,497 | INFO | Purchase history copied successfully
2026-07-19 20:21:39,526 | INFO | Product catalog downloaded
2026-07-19 20:21:39,526 | INFO | ========== Pipeline Finished ==========
2026-07-21 11:02:23,244 | INFO | ========== Pipeline Started ==========
2026-07-21 11:02:23,259 | INFO | Clickstream copied successfully
2026-07-21 11:02:23,269 | INFO | Purchase history copied successfully
2026-07-21 11:02:24,128 | INFO | Product catalog downloaded
2026-07-21 11:02:24,128 | INFO | ========== Pipeline Finished ==========
2026-07-21 14:44:01,147 | INFO | ========== Pipeline Started ==========
2026-07-21 14:44:01,160 | INFO | Clickstream copied successfully
2026-07-21 14:44:01,171 | INFO | Purchase history copied successfully
2026-07-21 14:44:20,026 | INFO | Product catalog downloaded
2026-07-21 14:44:20,026 | INFO | ========== Pipeline Finished ==========
2026-07-21 22:48:18,458 | INFO | ========== Pipeline Started ==========
2026-07-21 22:48:18,538 | INFO | Clickstream copied successfully
2026-07-21 22:48:18,565 | INFO | Purchase history copied successfully
2026-07-21 22:48:19,735 | INFO | Product catalog downloaded
2026-07-21 22:48:19,736 | INFO | ========== Pipeline Finished ==========
